<?xml version="1.0" encoding="UTF-8"?>
<!-- Generated by org.testng.reporters.JUnitXMLReporter -->
<testsuite ignored="0" hostname="DESKTOP-FRC4SK8" failures="0" tests="2" name="LongPressTest" time="56.203" errors="0" timestamp="2026-04-20T17:30:49 IST">
  <testcase classname="BaseTests.EcommBaseTest" name="@BeforeMethod setUpDriver" time="53.574">
    <failure type="org.openqa.selenium.SessionNotCreatedException" message="Could not start a new session. Response code 500. Message: The instrumentation process cannot be initialized within 30000ms timeout. Make sure the application under test does not crash and investigate the logcat output. You could also try to increase the value of &amp;apos;uiautomator2ServerLaunchTimeout&amp;apos; capability 
Host info: host: &amp;apos;DESKTOP-FRC4SK8&amp;apos;, ip: &amp;apos;192.168.1.8&amp;apos;
Build info: version: &amp;apos;4.43.0&amp;apos;, revision: &amp;apos;dd0f534&amp;apos;
System info: os.name: &amp;apos;Windows 11&amp;apos;, os.arch: &amp;apos;amd64&amp;apos;, os.version: &amp;apos;10.0&amp;apos;, java.version: &amp;apos;21.0.8&amp;apos;
Driver info: io.appium.java_client.android.AndroidDriver
Command: [null, newSession {capabilities=[Capabilities {appium:app: C:\Users\MSUSERSL123\eclips..., appium:automationName: UIAutomator2, appium:chromedriverExecutable: C:\Users\MSUSERSL123\eclips..., appium:deviceName: Pixel 8 Emulator, platformName: ANDROID}]}]
Capabilities {appium:app: C:\Users\MSUSERSL123\eclips..., appium:automationName: UIAutomator2, appium:chromedriverExecutable: C:\Users\MSUSERSL123\eclips..., appium:deviceName: Pixel 8 Emulator, platformName: ANDROID}">
      <![CDATA[org.openqa.selenium.SessionNotCreatedException: Could not start a new session. Response code 500. Message: The instrumentation process cannot be initialized within 30000ms timeout. Make sure the application under test does not crash and investigate the logcat output. You could also try to increase the value of 'uiautomator2ServerLaunchTimeout' capability 
Host info: host: 'DESKTOP-FRC4SK8', ip: '192.168.1.8'
Build info: version: '4.43.0', revision: 'dd0f534'
System info: os.name: 'Windows 11', os.arch: 'amd64', os.version: '10.0', java.version: '21.0.8'
Driver info: io.appium.java_client.android.AndroidDriver
Command: [null, newSession {capabilities=[Capabilities {appium:app: C:\Users\MSUSERSL123\eclips..., appium:automationName: UIAutomator2, appium:chromedriverExecutable: C:\Users\MSUSERSL123\eclips..., appium:deviceName: Pixel 8 Emulator, platformName: ANDROID}]}]
Capabilities {appium:app: C:\Users\MSUSERSL123\eclips..., appium:automationName: UIAutomator2, appium:chromedriverExecutable: C:\Users\MSUSERSL123\eclips..., appium:deviceName: Pixel 8 Emulator, platformName: ANDROID}
at org.openqa.selenium.remote.ProtocolHandshake.createSession(ProtocolHandshake.java:114)
at org.openqa.selenium.remote.ProtocolHandshake.createSession(ProtocolHandshake.java:75)
at org.openqa.selenium.remote.ProtocolHandshake.createSession(ProtocolHandshake.java:61)
at io.appium.java_client.remote.AppiumCommandExecutor.createSession(AppiumCommandExecutor.java:178)
at io.appium.java_client.remote.AppiumCommandExecutor.execute(AppiumCommandExecutor.java:243)
at org.openqa.selenium.remote.RemoteWebDriver.execute(RemoteWebDriver.java:606)
at io.appium.java_client.AppiumDriver.startSession(AppiumDriver.java:308)
at org.openqa.selenium.remote.RemoteWebDriver.<init>(RemoteWebDriver.java:213)
at org.openqa.selenium.remote.RemoteWebDriver.<init>(RemoteWebDriver.java:199)
at io.appium.java_client.AppiumDriver.<init>(AppiumDriver.java:98)
at io.appium.java_client.AppiumDriver.<init>(AppiumDriver.java:109)
at io.appium.java_client.android.AndroidDriver.<init>(AndroidDriver.java:108)
at BaseTests.EcommBaseTest.setUpDriver(EcommBaseTest.java:65)
at java.base/java.util.ArrayList.forEach(ArrayList.java:1596)
... Removed 29 stack frames]]>
    </failure>
  </testcase> <!-- @BeforeMethod setUpDriver -->
  <testcase classname="BaseTests.EcommBaseTest" name="@AfterMethod quitDriver" time="0.0">
    <skipped/>
  </testcase> <!-- @AfterMethod quitDriver -->
  <testcase classname="BaseTests.EcommBaseTest" name="@BeforeMethod setUpDriver" time="0.0">
    <skipped/>
  </testcase> <!-- @BeforeMethod setUpDriver -->
  <testcase classname="BaseTests.EcommBaseTest" name="@AfterMethod quitDriver" time="0.0">
    <skipped/>
  </testcase> <!-- @AfterMethod quitDriver -->
  <testcase classname="BaseTests.EcommBaseTest" name="@AfterClass tearDown" time="0.0">
    <skipped/>
  </testcase> <!-- @AfterClass tearDown -->
  <testcase classname="AndroidAppiumTests.E2EEcommTests_POM" name="PurchaseProduct" time="0.004">
    <skipped/>
  </testcase> <!-- PurchaseProduct -->
  <testcase classname="AndroidAppiumTests.E2EEcommTests_POM" name="validateToastMessage" time="0.0">
    <skipped/>
  </testcase> <!-- validateToastMessage -->
</testsuite> <!-- LongPressTest -->
