<?xml version="1.0" encoding="UTF-8"?>
<!-- Generated by org.testng.reporters.JUnitXMLReporter -->
<testsuite ignored="0" hostname="DESKTOP-FRC4SK8" failures="0" tests="2" name="LongPressTest-0" time="132.302" errors="0" timestamp="2026-05-08T17:41:42 IST">
  <testcase classname="AndroidAppiumTests.E2EEcommTests_POM" name="validateToastMessage" time="12.915"/>
  <testcase classname="AndroidAppiumTests.E2EEcommTests_POM" name="PurchaseProduct" time="44.486"/>
</testsuite> <!-- LongPressTest-0 -->
