<?xml version="1.0" encoding="UTF-8"?>
<!-- Generated by org.testng.reporters.JUnitXMLReporter -->
<testsuite ignored="0" hostname="DESKTOP-FRC4SK8" failures="0" tests="2" name="LongPressTest-2" time="121.032" errors="0" timestamp="2026-05-08T17:41:31 IST">
  <testcase classname="AndroidAppiumTests.E2EEcommTests_POM" name="validateToastMessage" time="7.728"/>
  <testcase classname="AndroidAppiumTests.E2EEcommTests_POM" name="PurchaseProduct" time="38.827"/>
</testsuite> <!-- LongPressTest-2 -->
