<?xml version="1.0" encoding="UTF-8"?>
<!-- Generated by org.testng.reporters.JUnitXMLReporter -->
<testsuite ignored="0" hostname="DESKTOP-FRC4SK8" failures="0" tests="2" name="LongPressTest-2" time="10.022" errors="0" timestamp="2026-04-20T19:02:27 IST">
  <testcase classname="AndroidAppiumTests.E2EEcommTests_POM" name="validateToastMessage" time="0.001">
    <skipped/>
  </testcase> <!-- validateToastMessage -->
  <testcase classname="AndroidAppiumTests.E2EEcommTests_POM" name="PurchaseProduct" time="0.0">
    <skipped/>
  </testcase> <!-- PurchaseProduct -->
</testsuite> <!-- LongPressTest-2 -->
