<?xml version="1.0" encoding="UTF-8"?>
<testng-results ignored="0" total="6" passed="6" failed="0" skipped="0">
  <reporter-output>
  </reporter-output>
  <suite started-at="2026-05-08T17:39:29 IST" name="AppiumE2EEcommTest" finished-at="2026-05-08T17:41:41 IST" duration-ms="132302">
    <groups>
    </groups>
    <test started-at="2026-05-08T17:39:29 IST" name="LongPressTest-1" finished-at="2026-05-08T17:41:23 IST" duration-ms="114533">
      <class name="AndroidAppiumTests.E2EEcommTests_POM">
        <test-method is-config="true" signature="configureAppium()[pri:0, instance:AndroidAppiumTests.E2EEcommTests_POM@6015a4a5]" started-at="2026-05-08T17:39:29 IST" name="configureAppium" finished-at="2026-05-08T17:39:30 IST" duration-ms="1216" status="PASS">
          <reporter-output>
          </reporter-output>
        </test-method> <!-- configureAppium -->
        <test-method is-config="true" signature="setUpDriver()[pri:0, instance:AndroidAppiumTests.E2EEcommTests_POM@6015a4a5]" started-at="2026-05-08T17:39:31 IST" name="setUpDriver" finished-at="2026-05-08T17:40:03 IST" duration-ms="31849" status="PASS">
          <reporter-output>
          </reporter-output>
        </test-method> <!-- setUpDriver -->
        <test-method signature="validateToastMessage()[pri:1, instance:AndroidAppiumTests.E2EEcommTests_POM@6015a4a5]" started-at="2026-05-08T17:40:03 IST" name="validateToastMessage" finished-at="2026-05-08T17:40:13 IST" duration-ms="10046" status="PASS">
          <reporter-output>
          </reporter-output>
        </test-method> <!-- validateToastMessage -->
        <test-method is-config="true" signature="quitDriver()[pri:0, instance:AndroidAppiumTests.E2EEcommTests_POM@6015a4a5]" started-at="2026-05-08T17:40:15 IST" name="quitDriver" finished-at="2026-05-08T17:40:16 IST" duration-ms="1627" status="PASS">
          <reporter-output>
          </reporter-output>
        </test-method> <!-- quitDriver -->
        <test-method is-config="true" signature="setUpDriver()[pri:0, instance:AndroidAppiumTests.E2EEcommTests_POM@6015a4a5]" started-at="2026-05-08T17:40:16 IST" name="setUpDriver" finished-at="2026-05-08T17:40:42 IST" duration-ms="25978" status="PASS">
          <reporter-output>
          </reporter-output>
        </test-method> <!-- setUpDriver -->
        <test-method signature="PurchaseProduct()[pri:2, instance:AndroidAppiumTests.E2EEcommTests_POM@6015a4a5]" started-at="2026-05-08T17:40:42 IST" name="PurchaseProduct" finished-at="2026-05-08T17:41:20 IST" duration-ms="37574" status="PASS">
          <reporter-output>
          </reporter-output>
        </test-method> <!-- PurchaseProduct -->
        <test-method is-config="true" signature="quitDriver()[pri:0, instance:AndroidAppiumTests.E2EEcommTests_POM@6015a4a5]" started-at="2026-05-08T17:41:21 IST" name="quitDriver" finished-at="2026-05-08T17:41:23 IST" duration-ms="1665" status="PASS">
          <reporter-output>
          </reporter-output>
        </test-method> <!-- quitDriver -->
        <test-method is-config="true" signature="tearDown()[pri:0, instance:AndroidAppiumTests.E2EEcommTests_POM@6015a4a5]" started-at="2026-05-08T17:41:23 IST" name="tearDown" finished-at="2026-05-08T17:41:23 IST" duration-ms="205" status="PASS">
          <reporter-output>
          </reporter-output>
        </test-method> <!-- tearDown -->
      </class> <!-- AndroidAppiumTests.E2EEcommTests_POM -->
    </test> <!-- LongPressTest-1 -->
    <test started-at="2026-05-08T17:39:29 IST" name="LongPressTest-2" finished-at="2026-05-08T17:41:30 IST" duration-ms="121032">
      <class name="AndroidAppiumTests.E2EEcommTests_POM">
        <test-method is-config="true" signature="configureAppium()[pri:0, instance:AndroidAppiumTests.E2EEcommTests_POM@4779aae6]" started-at="2026-05-08T17:39:29 IST" name="configureAppium" finished-at="2026-05-08T17:39:30 IST" duration-ms="1216" status="PASS">
          <reporter-output>
          </reporter-output>
        </test-method> <!-- configureAppium -->
        <test-method is-config="true" signature="setUpDriver()[pri:0, instance:AndroidAppiumTests.E2EEcommTests_POM@4779aae6]" started-at="2026-05-08T17:39:31 IST" name="setUpDriver" finished-at="2026-05-08T17:40:04 IST" duration-ms="33105" status="PASS">
          <reporter-output>
          </reporter-output>
        </test-method> <!-- setUpDriver -->
        <test-method signature="validateToastMessage()[pri:1, instance:AndroidAppiumTests.E2EEcommTests_POM@4779aae6]" started-at="2026-05-08T17:40:04 IST" name="validateToastMessage" finished-at="2026-05-08T17:40:12 IST" duration-ms="7728" status="PASS">
          <reporter-output>
          </reporter-output>
        </test-method> <!-- validateToastMessage -->
        <test-method is-config="true" signature="quitDriver()[pri:0, instance:AndroidAppiumTests.E2EEcommTests_POM@4779aae6]" started-at="2026-05-08T17:40:14 IST" name="quitDriver" finished-at="2026-05-08T17:40:15 IST" duration-ms="1591" status="PASS">
          <reporter-output>
          </reporter-output>
        </test-method> <!-- quitDriver -->
        <test-method is-config="true" signature="setUpDriver()[pri:0, instance:AndroidAppiumTests.E2EEcommTests_POM@4779aae6]" started-at="2026-05-08T17:40:15 IST" name="setUpDriver" finished-at="2026-05-08T17:40:47 IST" duration-ms="31881" status="PASS">
          <reporter-output>
          </reporter-output>
        </test-method> <!-- setUpDriver -->
        <test-method signature="PurchaseProduct()[pri:2, instance:AndroidAppiumTests.E2EEcommTests_POM@4779aae6]" started-at="2026-05-08T17:40:47 IST" name="PurchaseProduct" finished-at="2026-05-08T17:41:26 IST" duration-ms="38827" status="PASS">
          <reporter-output>
          </reporter-output>
        </test-method> <!-- PurchaseProduct -->
        <test-method is-config="true" signature="quitDriver()[pri:0, instance:AndroidAppiumTests.E2EEcommTests_POM@4779aae6]" started-at="2026-05-08T17:41:27 IST" name="quitDriver" finished-at="2026-05-08T17:41:29 IST" duration-ms="2058" status="PASS">
          <reporter-output>
          </reporter-output>
        </test-method> <!-- quitDriver -->
        <test-method is-config="true" signature="tearDown()[pri:0, instance:AndroidAppiumTests.E2EEcommTests_POM@4779aae6]" started-at="2026-05-08T17:41:29 IST" name="tearDown" finished-at="2026-05-08T17:41:29 IST" duration-ms="243" status="PASS">
          <reporter-output>
          </reporter-output>
        </test-method> <!-- tearDown -->
      </class> <!-- AndroidAppiumTests.E2EEcommTests_POM -->
    </test> <!-- LongPressTest-2 -->
    <test started-at="2026-05-08T17:39:29 IST" name="LongPressTest-0" finished-at="2026-05-08T17:41:41 IST" duration-ms="132302">
      <class name="AndroidAppiumTests.E2EEcommTests_POM">
        <test-method is-config="true" signature="configureAppium()[pri:0, instance:AndroidAppiumTests.E2EEcommTests_POM@767f6ee7]" started-at="2026-05-08T17:39:29 IST" name="configureAppium" finished-at="2026-05-08T17:39:30 IST" duration-ms="1216" status="PASS">
          <reporter-output>
          </reporter-output>
        </test-method> <!-- configureAppium -->
        <test-method is-config="true" signature="setUpDriver()[pri:0, instance:AndroidAppiumTests.E2EEcommTests_POM@767f6ee7]" started-at="2026-05-08T17:39:31 IST" name="setUpDriver" finished-at="2026-05-08T17:40:06 IST" duration-ms="34768" status="PASS">
          <reporter-output>
          </reporter-output>
        </test-method> <!-- setUpDriver -->
        <test-method signature="validateToastMessage()[pri:1, instance:AndroidAppiumTests.E2EEcommTests_POM@767f6ee7]" started-at="2026-05-08T17:40:06 IST" name="validateToastMessage" finished-at="2026-05-08T17:40:19 IST" duration-ms="12915" status="PASS">
          <reporter-output>
          </reporter-output>
        </test-method> <!-- validateToastMessage -->
        <test-method is-config="true" signature="quitDriver()[pri:0, instance:AndroidAppiumTests.E2EEcommTests_POM@767f6ee7]" started-at="2026-05-08T17:40:19 IST" name="quitDriver" finished-at="2026-05-08T17:40:21 IST" duration-ms="1403" status="PASS">
          <reporter-output>
          </reporter-output>
        </test-method> <!-- quitDriver -->
        <test-method is-config="true" signature="setUpDriver()[pri:0, instance:AndroidAppiumTests.E2EEcommTests_POM@767f6ee7]" started-at="2026-05-08T17:40:21 IST" name="setUpDriver" finished-at="2026-05-08T17:40:53 IST" duration-ms="31906" status="PASS">
          <reporter-output>
          </reporter-output>
        </test-method> <!-- setUpDriver -->
        <test-method signature="PurchaseProduct()[pri:2, instance:AndroidAppiumTests.E2EEcommTests_POM@767f6ee7]" started-at="2026-05-08T17:40:53 IST" name="PurchaseProduct" finished-at="2026-05-08T17:41:37 IST" duration-ms="44486" status="PASS">
          <reporter-output>
          </reporter-output>
        </test-method> <!-- PurchaseProduct -->
        <test-method is-config="true" signature="quitDriver()[pri:0, instance:AndroidAppiumTests.E2EEcommTests_POM@767f6ee7]" started-at="2026-05-08T17:41:38 IST" name="quitDriver" finished-at="2026-05-08T17:41:40 IST" duration-ms="1832" status="PASS">
          <reporter-output>
          </reporter-output>
        </test-method> <!-- quitDriver -->
        <test-method is-config="true" signature="tearDown()[pri:0, instance:AndroidAppiumTests.E2EEcommTests_POM@767f6ee7]" started-at="2026-05-08T17:41:41 IST" name="tearDown" finished-at="2026-05-08T17:41:41 IST" duration-ms="199" status="PASS">
          <reporter-output>
          </reporter-output>
        </test-method> <!-- tearDown -->
      </class> <!-- AndroidAppiumTests.E2EEcommTests_POM -->
    </test> <!-- LongPressTest-0 -->
  </suite> <!-- AppiumE2EEcommTest -->
</testng-results>
