<?xml version="1.0" encoding="UTF-8"?>
<testsuite xmlns:xsi="http://www.w3.org/2001/XMLSchema-instance" xsi:noNamespaceSchemaLocation="https://maven.apache.org/surefire/maven-surefire-plugin/xsd/surefire-test-report.xsd" version="3.0.2" name="TestSuite" time="134.706" tests="2" errors="0" skipped="0" failures="0" flakes="0">
  <properties>
[...]
</properties>
  <testcase name="validateToastMessage" classname="AndroidAppiumTests.E2EEcommTests_POM" time="7.865">
    <system-out><![CDATA[WARNING: sun.reflect.Reflection.getCallerClass is not supported. This will impact performance.
]]></system-out>
    <system-err><![CDATA[SLF4J: No SLF4J providers were found.
SLF4J: Defaulting to no-operation (NOP) logger implementation
SLF4J: See https://www.slf4j.org/codes.html#noProviders for further details.
]]></system-err>
  </testcase>
  <testcase name="validateToastMessage" classname="AndroidAppiumTests.E2EEcommTests_POM" time="8.902"/>
  <testcase name="validateToastMessage" classname="AndroidAppiumTests.E2EEcommTests_POM" time="13.759"/>
  <testcase name="PurchaseProduct" classname="AndroidAppiumTests.E2EEcommTests_POM" time="28.019"/>
  <testcase name="PurchaseProduct" classname="AndroidAppiumTests.E2EEcommTests_POM" time="34.068"/>
  <testcase name="PurchaseProduct" classname="AndroidAppiumTests.E2EEcommTests_POM" time="45.616"/>
</testsuite>