<?xml version="1.0" encoding="UTF-8"?>
<testng-results ignored="0" total="2" passed="2" failed="0" skipped="0">
  <reporter-output>
  </reporter-output>
  <suite started-at="2026-04-20T18:02:38 IST" name="AppiumE2EEcommTest" finished-at="2026-04-20T18:04:53 IST" duration-ms="135305">
    <groups>
    </groups>
    <test started-at="2026-04-20T18:02:38 IST" name="LongPressTest" finished-at="2026-04-20T18:04:53 IST" duration-ms="135305">
      <class name="AndroidAppiumTests.E2EEcommTests_POM">
        <test-method is-config="true" signature="configureAppium()[pri:0, instance:AndroidAppiumTests.E2EEcommTests_POM@5b12b668]" started-at="2026-04-20T18:02:38 IST" name="configureAppium" finished-at="2026-04-20T18:02:39 IST" duration-ms="970" status="PASS">
          <reporter-output>
          </reporter-output>
        </test-method> <!-- configureAppium -->
        <test-method is-config="true" signature="setUpDriver()[pri:0, instance:AndroidAppiumTests.E2EEcommTests_POM@5b12b668]" started-at="2026-04-20T18:02:39 IST" name="setUpDriver" finished-at="2026-04-20T18:03:09 IST" duration-ms="29464" status="PASS">
          <reporter-output>
          </reporter-output>
        </test-method> <!-- setUpDriver -->
        <test-method signature="validateToastMessage()[pri:1, instance:AndroidAppiumTests.E2EEcommTests_POM@5b12b668]" started-at="2026-04-20T18:03:09 IST" name="validateToastMessage" finished-at="2026-04-20T18:03:22 IST" duration-ms="13159" status="PASS">
          <reporter-output>
          </reporter-output>
        </test-method> <!-- validateToastMessage -->
        <test-method is-config="true" signature="quitDriver()[pri:0, instance:AndroidAppiumTests.E2EEcommTests_POM@5b12b668]" started-at="2026-04-20T18:03:22 IST" name="quitDriver" finished-at="2026-04-20T18:03:24 IST" duration-ms="2480" status="PASS">
          <reporter-output>
          </reporter-output>
        </test-method> <!-- quitDriver -->
        <test-method is-config="true" signature="setUpDriver()[pri:0, instance:AndroidAppiumTests.E2EEcommTests_POM@5b12b668]" started-at="2026-04-20T18:03:24 IST" name="setUpDriver" finished-at="2026-04-20T18:03:59 IST" duration-ms="35018" status="PASS">
          <reporter-output>
          </reporter-output>
        </test-method> <!-- setUpDriver -->
        <test-method signature="PurchaseProduct()[pri:2, instance:AndroidAppiumTests.E2EEcommTests_POM@5b12b668]" started-at="2026-04-20T18:03:59 IST" name="PurchaseProduct" finished-at="2026-04-20T18:04:48 IST" duration-ms="48313" status="PASS">
          <reporter-output>
          </reporter-output>
        </test-method> <!-- PurchaseProduct -->
        <test-method is-config="true" signature="quitDriver()[pri:0, instance:AndroidAppiumTests.E2EEcommTests_POM@5b12b668]" started-at="2026-04-20T18:04:48 IST" name="quitDriver" finished-at="2026-04-20T18:04:53 IST" duration-ms="5322" status="PASS">
          <reporter-output>
          </reporter-output>
        </test-method> <!-- quitDriver -->
        <test-method is-config="true" signature="tearDown()[pri:0, instance:AndroidAppiumTests.E2EEcommTests_POM@5b12b668]" started-at="2026-04-20T18:04:53 IST" name="tearDown" finished-at="2026-04-20T18:04:53 IST" duration-ms="27" status="PASS">
          <reporter-output>
          </reporter-output>
        </test-method> <!-- tearDown -->
      </class> <!-- AndroidAppiumTests.E2EEcommTests_POM -->
    </test> <!-- LongPressTest -->
  </suite> <!-- AppiumE2EEcommTest -->
</testng-results>
