<?xml version="1.0" encoding="UTF-8"?>
<!-- Generated by org.testng.reporters.JUnitReportReporter -->
<testsuite hostname="DESKTOP-FRC4SK8" failures="0" tests="2" name="AppiumTests.EcommTests" time="69.030" errors="0" timestamp="2026-04-07T00:54:46 IST" skipped="1">
  <testcase classname="AppiumTests.EcommTests" name="fillForm" time="69.030"/>
  <testcase classname="AppiumTests.EcommTests" name="validateToastMessage">
    <skipped/>
  </testcase> <!-- validateToastMessage -->
</testsuite> <!-- AppiumTests.EcommTests -->
