<?xml version="1.0" encoding="UTF-8"?>
<!-- Generated by org.testng.reporters.JUnitReportReporter -->
<testsuite hostname="DESKTOP-FRC4SK8" failures="0" tests="2" name="AndroidAppiumTests.DataProviderTest" time="105.600" errors="0" timestamp="2026-04-19T00:46:40 IST" skipped="0">
  <testcase classname="AndroidAppiumTests.DataProviderTest" name="appiumTest" time="38.863"/>
  <testcase classname="AndroidAppiumTests.DataProviderTest" name="appiumTest" time="66.737"/>
</testsuite> <!-- AndroidAppiumTests.DataProviderTest -->
