<?xml version="1.0" encoding="UTF-8"?>
<!-- Generated by org.testng.reporters.JUnitReportReporter -->
<testsuite hostname="DESKTOP-FRC4SK8" failures="0" tests="2" name="AndroidAppiumTests.EcommTests" time="148.358" errors="0" timestamp="2026-04-18T02:25:26 IST" skipped="0">
  <testcase classname="AndroidAppiumTests.EcommTests" name="PurchaseProduct" time="81.790"/>
  <testcase classname="AndroidAppiumTests.EcommTests" name="validateToastMessage" time="66.568"/>
</testsuite> <!-- AndroidAppiumTests.EcommTests -->
