<?xml version="1.0" encoding="UTF-8"?>
<!-- Generated by org.testng.reporters.JUnitReportReporter -->
<testsuite hostname="DESKTOP-FRC4SK8" failures="0" tests="2" name="AndroidAppiumTests.DataProviderTest_json" time="78.100" errors="0" timestamp="2026-04-19T00:49:16 IST" skipped="0">
  <testcase classname="AndroidAppiumTests.DataProviderTest_json" name="appiumTest" time="45.758"/>
  <testcase classname="AndroidAppiumTests.DataProviderTest_json" name="appiumTest" time="32.342"/>
</testsuite> <!-- AndroidAppiumTests.DataProviderTest_json -->
