<?xml version="1.0" encoding="UTF-8"?>
<!-- Generated by org.testng.reporters.JUnitReportReporter -->
<testsuite hostname="DESKTOP-FRC4SK8" failures="0" tests="2" name="AndroidAppiumTests.E2EEcommTests_POM" time="133.756" errors="0" timestamp="2026-04-20T18:04:54 IST" skipped="0">
  <testcase classname="AndroidAppiumTests.E2EEcommTests_POM" name="validateToastMessage" time="47.945"/>
  <testcase classname="AndroidAppiumTests.E2EEcommTests_POM" name="PurchaseProduct" time="85.811"/>
</testsuite> <!-- AndroidAppiumTests.E2EEcommTests_POM -->
