<?xml version="1.0" encoding="UTF-8"?>
<!-- Generated by org.testng.reporters.JUnitReportReporter -->
<testsuite hostname="DESKTOP-FRC4SK8" failures="0" tests="6" name="AndroidAppiumTests.E2EEcommTests_POM" time="351.239" errors="0" timestamp="2026-05-08T17:41:42 IST" skipped="0">
  <testcase classname="AndroidAppiumTests.E2EEcommTests_POM" name="validateToastMessage" time="42.424"/>
  <testcase classname="AndroidAppiumTests.E2EEcommTests_POM" name="validateToastMessage" time="49.086"/>
  <testcase classname="AndroidAppiumTests.E2EEcommTests_POM" name="validateToastMessage" time="43.560"/>
  <testcase classname="AndroidAppiumTests.E2EEcommTests_POM" name="PurchaseProduct" time="65.179"/>
  <testcase classname="AndroidAppiumTests.E2EEcommTests_POM" name="PurchaseProduct" time="78.224"/>
  <testcase classname="AndroidAppiumTests.E2EEcommTests_POM" name="PurchaseProduct" time="72.766"/>
</testsuite> <!-- AndroidAppiumTests.E2EEcommTests_POM -->
